<?xml version="1.0" encoding="UTF-8"?>
<!-- Generated by org.testng.reporters.JUnitReportReporter -->
<testsuite skipped="0" hostname="LAPTOP-P3EADNK9" name="com.vezencare.testCases.TC_UserLoginTest_001" tests="1" failures="0" timestamp="17 Sep 2021 17:58:03 GMT" time="1.456" errors="0">
  <testcase name="userLoginTest" time="1.456" classname="com.vezencare.testCases.TC_UserLoginTest_001"/>
</testsuite> <!-- com.vezencare.testCases.TC_UserLoginTest_001 -->
