<?xml version="1.0" encoding="UTF-8"?>
<!-- Generated by org.testng.reporters.JUnitReportReporter -->
<testsuite skipped="0" hostname="LAPTOP-P3EADNK9" name="com.vezencare.testCases.TC_UserdashboardTest_002" tests="1" failures="0" timestamp="17 Sep 2021 17:58:03 GMT" time="18.587" errors="0">
  <testcase name="userDashboardTest" time="18.587" classname="com.vezencare.testCases.TC_UserdashboardTest_002"/>
</testsuite> <!-- com.vezencare.testCases.TC_UserdashboardTest_002 -->
