<?xml version="1.0" encoding="UTF-8"?>
<!-- Generated by org.testng.reporters.JUnitReportReporter -->
<testsuite skipped="0" hostname="LAPTOP-P3EADNK9" name="com.vezencare.testCases.TC_LoginDDT_002" tests="6" failures="0" timestamp="17 Sep 2021 17:58:03 GMT" time="60.706" errors="0">
  <testcase name="loginDDT" time="13.491" classname="com.vezencare.testCases.TC_LoginDDT_002"/>
  <testcase name="loginDDT" time="13.450" classname="com.vezencare.testCases.TC_LoginDDT_002"/>
  <testcase name="loginDDT" time="13.424" classname="com.vezencare.testCases.TC_LoginDDT_002"/>
  <testcase name="loginDDT" time="3.450" classname="com.vezencare.testCases.TC_LoginDDT_002"/>
  <testcase name="loginDDT" time="3.394" classname="com.vezencare.testCases.TC_LoginDDT_002"/>
  <testcase name="loginDDT" time="13.497" classname="com.vezencare.testCases.TC_LoginDDT_002"/>
</testsuite> <!-- com.vezencare.testCases.TC_LoginDDT_002 -->
